[0m[[0m[0mdebug[0m] [0m[0m> Exec(run, Some(f7cbbb5e-f8a8-427f-bab8-0bb2dfa057da), Some(CommandSource(console0)))[0m
[0m[[0m[0mdebug[0m] [0m[0mEvaluating tasks: Compile / run[0m
[0m[[0m[0mdebug[0m] [0m[0mRunning task... Cancel: Signal, check cycles: false, forcegc: true[0m
[0m[[0m[0minfo[0m] [0m[0mcompiling 3 Scala sources to /mnt/c/Users/moham/Desktop/PPC/PROJET/Projet_code-5/Projet_code/target/scala-2.11/classes ...[0m
[0m[[0m[31merror[0m] [0m[0m/mnt/c/Users/moham/Desktop/PPC/PROJET/Projet_code-5/Projet_code/src/main/scala/Musicien.scala:57:14: not found: value MidiSystem[0m
[0m[[0m[31merror[0m] [0m[0m  val info = MidiSystem.getMidiDeviceInfo().filter(_.getName == "Gervill").headOption[0m
[0m[[0m[31merror[0m] [0m[0m             ^[0m
[0m[[0m[31merror[0m] [0m[0m/mnt/c/Users/moham/Desktop/PPC/PROJET/Projet_code-5/Projet_code/src/main/scala/Musicien.scala:48:51: value milliseconds is not a member of Int[0m
[0m[[0m[31merror[0m] [0m[0m      context.system.scheduler.scheduleOnce ((at) milliseconds) (note_on (p,v,10))[0m
[0m[[0m[31merror[0m] [0m[0m                                                  ^[0m
[0m[[0m[31merror[0m] [0m[0m/mnt/c/Users/moham/Desktop/PPC/PROJET/Projet_code-5/Projet_code/src/main/scala/Musicien.scala:49:53: value milliseconds is not a member of Int[0m
[0m[[0m[31merror[0m] [0m[0m      context.system.scheduler.scheduleOnce ((at+d) milliseconds) (note_off (p,10))[0m
[0m[[0m[31merror[0m] [0m[0m                                                    ^[0m
[0m[[0m[31merror[0m] [0m[0m/mnt/c/Users/moham/Desktop/PPC/PROJET/Projet_code-5/Projet_code/src/main/scala/Musicien.scala:68:20: not found: type ShortMessage[0m
[0m[[0m[31merror[0m] [0m[0m     val msg = new ShortMessage[0m
[0m[[0m[31merror[0m] [0m[0m                   ^[0m
[0m[[0m[31merror[0m] [0m[0m/mnt/c/Users/moham/Desktop/PPC/PROJET/Projet_code-5/Projet_code/src/main/scala/Musicien.scala:74:20: not found: type ShortMessage[0m
[0m[[0m[31merror[0m] [0m[0m     val msg = new ShortMessage[0m
[0m[[0m[31merror[0m] [0m[0m                   ^[0m
[0m[[0m[31merror[0m] [0m[0m5 errors found[0m
[0m[[0m[31merror[0m] [0m[0m(Compile / [31mcompileIncremental[0m) Compilation failed[0m
[0m[[0m[31merror[0m] [0m[0mTotal time: 4 s, completed Mar 28, 2022, 3:23:56 PM[0m
[0m[[0m[0mdebug[0m] [0m[0m> Exec(shell, None, None)[0m
